<component name="libraryTable">
  <library name="junit-4_12">
    <CLASSES>
      <root url="jar://$PROJECT_DIR$/../junit-4_12.jar!/" />
    </CLASSES>
    <JAVADOC />
    <SOURCES />
  </library>
</component>